<?xml version="1.0" encoding="UTF-8"?>
<!-- Generated by org.testng.reporters.JUnitReportReporter -->
<testsuite skipped="0" hostname="DESKTOP-2LKK6QT" name="EtsyTest.RegisterTest" tests="3" failures="0" timestamp="19 Jun 2020 08:27:34 GMT" time="38.547" errors="0">
  <testcase name="DuplicateTest" time="13.281" classname="EtsyTest.RegisterTest"/>
  <testcase name="InvalidEmail" time="14.204" classname="EtsyTest.RegisterTest"/>
  <testcase name="PasswordLength" time="11.062" classname="EtsyTest.RegisterTest"/>
</testsuite> <!-- EtsyTest.RegisterTest -->
