<?xml version="1.0" encoding="UTF-8"?>
<!-- Generated by org.testng.reporters.JUnitReportReporter -->
<testsuite skipped="0" hostname="DESKTOP-2LKK6QT" name="EtsyTest.PreferenceTest" tests="2" failures="0" timestamp="20 Jun 2020 00:53:54 GMT" time="48.891" errors="0">
  <testcase name="CorrectPreferencePage" time="24.896" classname="EtsyTest.PreferenceTest"/>
  <testcase name="RegionChange" time="23.995" classname="EtsyTest.PreferenceTest"/>
</testsuite> <!-- EtsyTest.PreferenceTest -->
